<?xml version="1.0" encoding="UTF-8"?>
<coverage generated="1782827389526" clover="3.2.0">
  <project timestamp="1782827389526" name="All files">
    <metrics statements="143" coveredstatements="143" conditionals="38" coveredconditionals="38" methods="22" coveredmethods="22" elements="203" coveredelements="203" complexity="0" loc="143" ncloc="143" packages="6" files="10" classes="10"/>
    <package name="src">
      <metrics statements="9" coveredstatements="9" conditionals="2" coveredconditionals="2" methods="1" coveredmethods="1"/>
      <file name="index.ts" path="C:\Users\benja\Desktop\Clases\FullStack3\bff_fullstack\src\index.ts">
        <metrics statements="9" coveredstatements="9" conditionals="2" coveredconditionals="2" methods="1" coveredmethods="1"/>
        <line num="1" count="1" type="stmt"/>
        <line num="2" count="1" type="stmt"/>
        <line num="3" count="1" type="stmt"/>
        <line num="5" count="1" type="stmt"/>
        <line num="7" count="1" type="stmt"/>
        <line num="9" count="1" type="stmt"/>
        <line num="11" count="1" type="cond" truecount="2" falsecount="0"/>
        <line num="12" count="1" type="stmt"/>
        <line num="13" count="1" type="stmt"/>
      </file>
    </package>
    <package name="src.controllers">
      <metrics statements="29" coveredstatements="29" conditionals="0" coveredconditionals="0" methods="5" coveredmethods="5"/>
      <file name="AuthController.ts" path="C:\Users\benja\Desktop\Clases\FullStack3\bff_fullstack\src\controllers\AuthController.ts">
        <metrics statements="11" coveredstatements="11" conditionals="0" coveredconditionals="0" methods="2" coveredmethods="2"/>
        <line num="2" count="1" type="stmt"/>
        <line num="4" count="1" type="stmt"/>
        <line num="6" count="1" type="stmt"/>
        <line num="8" count="2" type="stmt"/>
        <line num="9" count="2" type="stmt"/>
        <line num="10" count="1" type="stmt"/>
        <line num="12" count="1" type="stmt"/>
        <line num="17" count="2" type="stmt"/>
        <line num="18" count="2" type="stmt"/>
        <line num="19" count="1" type="stmt"/>
        <line num="21" count="1" type="stmt"/>
      </file>
      <file name="ReportController.ts" path="C:\Users\benja\Desktop\Clases\FullStack3\bff_fullstack\src\controllers\ReportController.ts">
        <metrics statements="11" coveredstatements="11" conditionals="0" coveredconditionals="0" methods="2" coveredmethods="2"/>
        <line num="2" count="1" type="stmt"/>
        <line num="4" count="1" type="stmt"/>
        <line num="6" count="1" type="stmt"/>
        <line num="8" count="2" type="stmt"/>
        <line num="9" count="2" type="stmt"/>
        <line num="10" count="1" type="stmt"/>
        <line num="12" count="1" type="stmt"/>
        <line num="17" count="2" type="stmt"/>
        <line num="18" count="2" type="stmt"/>
        <line num="19" count="1" type="stmt"/>
        <line num="21" count="1" type="stmt"/>
      </file>
      <file name="UserController.ts" path="C:\Users\benja\Desktop\Clases\FullStack3\bff_fullstack\src\controllers\UserController.ts">
        <metrics statements="7" coveredstatements="7" conditionals="0" coveredconditionals="0" methods="1" coveredmethods="1"/>
        <line num="2" count="1" type="stmt"/>
        <line num="4" count="1" type="stmt"/>
        <line num="6" count="1" type="stmt"/>
        <line num="8" count="2" type="stmt"/>
        <line num="9" count="2" type="stmt"/>
        <line num="10" count="1" type="stmt"/>
        <line num="12" count="1" type="stmt"/>
      </file>
    </package>
    <package name="src.factories">
      <metrics statements="9" coveredstatements="9" conditionals="12" coveredconditionals="12" methods="1" coveredmethods="1"/>
      <file name="RepositoryFactory.ts" path="C:\Users\benja\Desktop\Clases\FullStack3\bff_fullstack\src\factories\RepositoryFactory.ts">
        <metrics statements="9" coveredstatements="9" conditionals="12" coveredconditionals="12" methods="1" coveredmethods="1"/>
        <line num="1" count="1" type="stmt"/>
        <line num="2" count="1" type="stmt"/>
        <line num="6" count="1" type="stmt"/>
        <line num="8" count="5" type="cond" truecount="5" falsecount="0"/>
        <line num="10" count="1" type="cond" truecount="2" falsecount="0"/>
        <line num="15" count="1" type="stmt"/>
        <line num="16" count="1" type="cond" truecount="2" falsecount="0"/>
        <line num="21" count="2" type="cond" truecount="3" falsecount="0"/>
        <line num="24" count="1" type="stmt"/>
      </file>
    </package>
    <package name="src.middleware">
      <metrics statements="49" coveredstatements="49" conditionals="24" coveredconditionals="24" methods="6" coveredmethods="6"/>
      <file name="proxy.ts" path="C:\Users\benja\Desktop\Clases\FullStack3\bff_fullstack\src\middleware\proxy.ts">
        <metrics statements="49" coveredstatements="49" conditionals="24" coveredconditionals="24" methods="6" coveredmethods="6"/>
        <line num="2" count="1" type="stmt"/>
        <line num="5" count="18" type="stmt"/>
        <line num="6" count="18" type="stmt"/>
        <line num="7" count="18" type="cond" truecount="2" falsecount="0"/>
        <line num="10" count="1" type="stmt"/>
        <line num="11" count="15" type="cond" truecount="2" falsecount="0"/>
        <line num="13" count="15" type="stmt"/>
        <line num="14" count="15" type="stmt"/>
        <line num="15" count="15" type="stmt"/>
        <line num="16" count="15" type="stmt"/>
        <line num="18" count="15" type="stmt"/>
        <line num="19" count="15" type="stmt"/>
        <line num="20" count="15" type="stmt"/>
        <line num="21" count="15" type="stmt"/>
        <line num="22" count="15" type="stmt"/>
        <line num="23" count="15" type="stmt"/>
        <line num="24" count="15" type="stmt"/>
        <line num="25" count="15" type="stmt"/>
        <line num="26" count="15" type="stmt"/>
        <line num="30" count="15" type="stmt"/>
        <line num="32" count="15" type="stmt"/>
        <line num="35" count="18" type="stmt"/>
        <line num="36" count="18" type="cond" truecount="2" falsecount="0"/>
        <line num="37" count="2" type="cond" truecount="2" falsecount="0"/>
        <line num="39" count="18" type="stmt"/>
        <line num="40" count="18" type="stmt"/>
        <line num="41" count="18" type="stmt"/>
        <line num="47" count="9" type="stmt"/>
        <line num="53" count="15" type="stmt"/>
        <line num="54" count="10" type="stmt"/>
        <line num="55" count="10" type="stmt"/>
        <line num="56" count="10" type="stmt"/>
        <line num="57" count="10" type="stmt"/>
        <line num="58" count="10" type="stmt"/>
        <line num="61" count="15" type="stmt"/>
        <line num="63" count="15" type="stmt"/>
        <line num="64" count="9" type="stmt"/>
        <line num="66" count="6" type="cond" truecount="4" falsecount="0"/>
        <line num="69" count="6" type="stmt"/>
        <line num="70" count="6" type="cond" truecount="6" falsecount="0"/>
        <line num="71" count="3" type="stmt"/>
        <line num="72" count="3" type="stmt"/>
        <line num="73" count="3" type="stmt"/>
        <line num="74" count="1" type="stmt"/>
        <line num="76" count="2" type="cond" truecount="4" falsecount="0"/>
        <line num="77" count="2" type="stmt"/>
        <line num="81" count="3" type="stmt"/>
        <line num="83" count="1" type="stmt"/>
        <line num="84" count="1" type="stmt"/>
      </file>
    </package>
    <package name="src.repositories">
      <metrics statements="27" coveredstatements="27" conditionals="0" coveredconditionals="0" methods="9" coveredmethods="9"/>
      <file name="AuthRepository.ts" path="C:\Users\benja\Desktop\Clases\FullStack3\bff_fullstack\src\repositories\AuthRepository.ts">
        <metrics statements="9" coveredstatements="9" conditionals="0" coveredconditionals="0" methods="3" coveredmethods="3"/>
        <line num="1" count="2" type="stmt"/>
        <line num="3" count="2" type="stmt"/>
        <line num="6" count="2" type="stmt"/>
        <line num="10" count="1" type="stmt"/>
        <line num="11" count="1" type="stmt"/>
        <line num="12" count="1" type="stmt"/>
        <line num="16" count="1" type="stmt"/>
        <line num="17" count="1" type="stmt"/>
        <line num="18" count="1" type="stmt"/>
      </file>
      <file name="ReportRepository.ts" path="C:\Users\benja\Desktop\Clases\FullStack3\bff_fullstack\src\repositories\ReportRepository.ts">
        <metrics statements="9" coveredstatements="9" conditionals="0" coveredconditionals="0" methods="3" coveredmethods="3"/>
        <line num="1" count="2" type="stmt"/>
        <line num="4" count="2" type="stmt"/>
        <line num="7" count="3" type="stmt"/>
        <line num="11" count="1" type="stmt"/>
        <line num="12" count="1" type="stmt"/>
        <line num="13" count="1" type="stmt"/>
        <line num="17" count="1" type="stmt"/>
        <line num="18" count="1" type="stmt"/>
        <line num="19" count="1" type="stmt"/>
      </file>
      <file name="UserRepository.ts" path="C:\Users\benja\Desktop\Clases\FullStack3\bff_fullstack\src\repositories\UserRepository.ts">
        <metrics statements="9" coveredstatements="9" conditionals="0" coveredconditionals="0" methods="3" coveredmethods="3"/>
        <line num="1" count="2" type="stmt"/>
        <line num="4" count="2" type="stmt"/>
        <line num="7" count="2" type="stmt"/>
        <line num="11" count="1" type="stmt"/>
        <line num="12" count="1" type="stmt"/>
        <line num="13" count="1" type="stmt"/>
        <line num="17" count="1" type="stmt"/>
        <line num="18" count="1" type="stmt"/>
        <line num="19" count="1" type="stmt"/>
      </file>
    </package>
    <package name="src.routes">
      <metrics statements="20" coveredstatements="20" conditionals="0" coveredconditionals="0" methods="0" coveredmethods="0"/>
      <file name="routes.ts" path="C:\Users\benja\Desktop\Clases\FullStack3\bff_fullstack\src\routes\routes.ts">
        <metrics statements="20" coveredstatements="20" conditionals="0" coveredconditionals="0" methods="0" coveredmethods="0"/>
        <line num="1" count="1" type="stmt"/>
        <line num="2" count="1" type="stmt"/>
        <line num="4" count="1" type="stmt"/>
        <line num="7" count="1" type="stmt"/>
        <line num="8" count="1" type="stmt"/>
        <line num="11" count="1" type="stmt"/>
        <line num="12" count="1" type="stmt"/>
        <line num="15" count="1" type="stmt"/>
        <line num="16" count="1" type="stmt"/>
        <line num="19" count="1" type="stmt"/>
        <line num="20" count="1" type="stmt"/>
        <line num="23" count="1" type="stmt"/>
        <line num="24" count="1" type="stmt"/>
        <line num="27" count="1" type="stmt"/>
        <line num="28" count="1" type="stmt"/>
        <line num="29" count="1" type="stmt"/>
        <line num="30" count="1" type="stmt"/>
        <line num="33" count="1" type="stmt"/>
        <line num="34" count="1" type="stmt"/>
        <line num="36" count="1" type="stmt"/>
      </file>
    </package>
  </project>
</coverage>
