{"C:\\Users\\benja\\Desktop\\Clases\\FullStack3\\bff_fullstack\\src\\index.ts": {"path":"C:\\Users\\benja\\Desktop\\Clases\\FullStack3\\bff_fullstack\\src\\index.ts","statementMap":{"0":{"start":{"line":1,"column":0},"end":{"line":1,"column":30}},"1":{"start":{"line":2,"column":0},"end":{"line":2,"column":28}},"2":{"start":{"line":3,"column":0},"end":{"line":3,"column":37}},"3":{"start":{"line":5,"column":0},"end":{"line":5,"column":16}},"4":{"start":{"line":7,"column":12},"end":{"line":7,"column":21}},"5":{"start":{"line":9,"column":0},"end":{"line":9,"column":24}},"6":{"start":{"line":11,"column":13},"end":{"line":11,"column":37}},"7":{"start":{"line":12,"column":0},"end":{"line":14,"column":3}},"8":{"start":{"line":13,"column":2},"end":{"line":13,"column":59}}},"fnMap":{"0":{"name":"(anonymous_1)","decl":{"start":{"line":12,"column":25},"end":{"line":12,"column":28}},"loc":{"start":{"line":12,"column":30},"end":{"line":14,"column":1}}}},"branchMap":{"0":{"loc":{"start":{"line":11,"column":13},"end":{"line":11,"column":37}},"type":"binary-expr","locations":[{"start":{"line":11,"column":13},"end":{"line":11,"column":29}},{"start":{"line":11,"column":33},"end":{"line":11,"column":37}}]}},"s":{"0":1,"1":1,"2":1,"3":1,"4":1,"5":1,"6":1,"7":1,"8":1},"f":{"0":1},"b":{"0":[1,1]}}
,"C:\\Users\\benja\\Desktop\\Clases\\FullStack3\\bff_fullstack\\src\\controllers\\AuthController.ts": {"path":"C:\\Users\\benja\\Desktop\\Clases\\FullStack3\\bff_fullstack\\src\\controllers\\AuthController.ts","statementMap":{"0":{"start":{"line":2,"column":0},"end":{"line":2,"column":63}},"1":{"start":{"line":4,"column":17},"end":{"line":4,"column":49}},"2":{"start":{"line":6,"column":0},"end":{"line":24,"column":2}},"3":{"start":{"line":8,"column":4},"end":{"line":13,"column":5}},"4":{"start":{"line":9,"column":19},"end":{"line":9,"column":49}},"5":{"start":{"line":10,"column":6},"end":{"line":10,"column":21}},"6":{"start":{"line":12,"column":6},"end":{"line":12,"column":51}},"7":{"start":{"line":17,"column":4},"end":{"line":22,"column":5}},"8":{"start":{"line":18,"column":19},"end":{"line":18,"column":52}},"9":{"start":{"line":19,"column":6},"end":{"line":19,"column":21}},"10":{"start":{"line":21,"column":6},"end":{"line":21,"column":51}}},"fnMap":{"0":{"name":"(anonymous_1)","decl":{"start":{"line":7,"column":2},"end":{"line":7,"column":7}},"loc":{"start":{"line":7,"column":41},"end":{"line":14,"column":3}}},"1":{"name":"(anonymous_2)","decl":{"start":{"line":16,"column":2},"end":{"line":16,"column":7}},"loc":{"start":{"line":16,"column":44},"end":{"line":23,"column":3}}}},"branchMap":{},"s":{"0":1,"1":1,"2":1,"3":2,"4":2,"5":1,"6":1,"7":2,"8":2,"9":1,"10":1},"f":{"0":2,"1":2},"b":{}}
,"C:\\Users\\benja\\Desktop\\Clases\\FullStack3\\bff_fullstack\\src\\controllers\\ReportController.ts": {"path":"C:\\Users\\benja\\Desktop\\Clases\\FullStack3\\bff_fullstack\\src\\controllers\\ReportController.ts","statementMap":{"0":{"start":{"line":2,"column":0},"end":{"line":2,"column":63}},"1":{"start":{"line":4,"column":20},"end":{"line":4,"column":51}},"2":{"start":{"line":6,"column":0},"end":{"line":24,"column":2}},"3":{"start":{"line":8,"column":4},"end":{"line":13,"column":5}},"4":{"start":{"line":9,"column":19},"end":{"line":9,"column":46}},"5":{"start":{"line":10,"column":6},"end":{"line":10,"column":21}},"6":{"start":{"line":12,"column":6},"end":{"line":12,"column":51}},"7":{"start":{"line":17,"column":4},"end":{"line":22,"column":5}},"8":{"start":{"line":18,"column":19},"end":{"line":18,"column":60}},"9":{"start":{"line":19,"column":6},"end":{"line":19,"column":21}},"10":{"start":{"line":21,"column":6},"end":{"line":21,"column":51}}},"fnMap":{"0":{"name":"(anonymous_1)","decl":{"start":{"line":7,"column":2},"end":{"line":7,"column":7}},"loc":{"start":{"line":7,"column":43},"end":{"line":14,"column":3}}},"1":{"name":"(anonymous_2)","decl":{"start":{"line":16,"column":2},"end":{"line":16,"column":7}},"loc":{"start":{"line":16,"column":43},"end":{"line":23,"column":3}}}},"branchMap":{},"s":{"0":1,"1":1,"2":1,"3":2,"4":2,"5":1,"6":1,"7":2,"8":2,"9":1,"10":1},"f":{"0":2,"1":2},"b":{}}
,"C:\\Users\\benja\\Desktop\\Clases\\FullStack3\\bff_fullstack\\src\\controllers\\UserController.ts": {"path":"C:\\Users\\benja\\Desktop\\Clases\\FullStack3\\bff_fullstack\\src\\controllers\\UserController.ts","statementMap":{"0":{"start":{"line":2,"column":0},"end":{"line":2,"column":63}},"1":{"start":{"line":4,"column":17},"end":{"line":4,"column":49}},"2":{"start":{"line":6,"column":0},"end":{"line":15,"column":2}},"3":{"start":{"line":8,"column":4},"end":{"line":13,"column":5}},"4":{"start":{"line":9,"column":19},"end":{"line":9,"column":43}},"5":{"start":{"line":10,"column":6},"end":{"line":10,"column":21}},"6":{"start":{"line":12,"column":6},"end":{"line":12,"column":51}}},"fnMap":{"0":{"name":"(anonymous_1)","decl":{"start":{"line":7,"column":2},"end":{"line":7,"column":7}},"loc":{"start":{"line":7,"column":43},"end":{"line":14,"column":3}}}},"branchMap":{},"s":{"0":1,"1":1,"2":1,"3":2,"4":2,"5":1,"6":1},"f":{"0":2},"b":{}}
,"C:\\Users\\benja\\Desktop\\Clases\\FullStack3\\bff_fullstack\\src\\factories\\RepositoryFactory.ts": {"path":"C:\\Users\\benja\\Desktop\\Clases\\FullStack3\\bff_fullstack\\src\\factories\\RepositoryFactory.ts","statementMap":{"0":{"start":{"line":1,"column":0},"end":{"line":1,"column":60}},"1":{"start":{"line":2,"column":0},"end":{"line":2,"column":64}},"2":{"start":{"line":8,"column":4},"end":{"line":25,"column":5}},"3":{"start":{"line":10,"column":8},"end":{"line":10,"column":84}},"4":{"start":{"line":15,"column":44},"end":{"line":15,"column":85}},"5":{"start":{"line":16,"column":8},"end":{"line":16,"column":83}},"6":{"start":{"line":21,"column":8},"end":{"line":21,"column":112}},"7":{"start":{"line":24,"column":8},"end":{"line":24,"column":69}},"8":{"start":{"line":6,"column":0},"end":{"line":6,"column":21}}},"fnMap":{"0":{"name":"(anonymous_1)","decl":{"start":{"line":7,"column":2},"end":{"line":7,"column":8}},"loc":{"start":{"line":7,"column":30},"end":{"line":26,"column":3}}}},"branchMap":{"0":{"loc":{"start":{"line":8,"column":4},"end":{"line":25,"column":5}},"type":"switch","locations":[{"start":{"line":9,"column":6},"end":{"line":10,"column":84}},{"start":{"line":11,"column":6},"end":{"line":16,"column":83}},{"start":{"line":18,"column":6},"end":{"line":18,"column":20}},{"start":{"line":19,"column":6},"end":{"line":21,"column":112}},{"start":{"line":23,"column":6},"end":{"line":24,"column":69}}]},"1":{"loc":{"start":{"line":10,"column":34},"end":{"line":10,"column":82}},"type":"binary-expr","locations":[{"start":{"line":10,"column":34},"end":{"line":10,"column":55}},{"start":{"line":10,"column":59},"end":{"line":10,"column":82}}]},"2":{"loc":{"start":{"line":16,"column":34},"end":{"line":16,"column":81}},"type":"binary-expr","locations":[{"start":{"line":16,"column":34},"end":{"line":16,"column":54}},{"start":{"line":16,"column":58},"end":{"line":16,"column":81}}]},"3":{"loc":{"start":{"line":21,"column":36},"end":{"line":21,"column":110}},"type":"binary-expr","locations":[{"start":{"line":21,"column":36},"end":{"line":21,"column":59}},{"start":{"line":21,"column":63},"end":{"line":21,"column":83}},{"start":{"line":21,"column":87},"end":{"line":21,"column":110}}]}},"s":{"0":1,"1":1,"2":5,"3":1,"4":1,"5":1,"6":2,"7":1,"8":1},"f":{"0":5},"b":{"0":[1,1,1,2,1],"1":[1,1],"2":[1,1],"3":[2,2,2]}}
,"C:\\Users\\benja\\Desktop\\Clases\\FullStack3\\bff_fullstack\\src\\middleware\\proxy.ts": {"path":"C:\\Users\\benja\\Desktop\\Clases\\FullStack3\\bff_fullstack\\src\\middleware\\proxy.ts","statementMap":{"0":{"start":{"line":10,"column":0},"end":{"line":10,"column":24}},"1":{"start":{"line":2,"column":0},"end":{"line":2,"column":38}},"2":{"start":{"line":5,"column":14},"end":{"line":5,"column":69}},"3":{"start":{"line":6,"column":17},"end":{"line":6,"column":54}},"4":{"start":{"line":7,"column":2},"end":{"line":7,"column":43}},"5":{"start":{"line":11,"column":15},"end":{"line":11,"column":48}},"6":{"start":{"line":13,"column":2},"end":{"line":87,"column":4}},"7":{"start":{"line":14,"column":32},"end":{"line":14,"column":34}},"8":{"start":{"line":15,"column":19},"end":{"line":15,"column":39}},"9":{"start":{"line":16,"column":20},"end":{"line":16,"column":38}},"10":{"start":{"line":18,"column":4},"end":{"line":18,"column":33}},"11":{"start":{"line":19,"column":4},"end":{"line":19,"column":49}},"12":{"start":{"line":20,"column":4},"end":{"line":20,"column":42}},"13":{"start":{"line":21,"column":4},"end":{"line":21,"column":42}},"14":{"start":{"line":22,"column":4},"end":{"line":22,"column":50}},"15":{"start":{"line":23,"column":4},"end":{"line":23,"column":51}},"16":{"start":{"line":24,"column":4},"end":{"line":24,"column":34}},"17":{"start":{"line":25,"column":4},"end":{"line":25,"column":40}},"18":{"start":{"line":26,"column":4},"end":{"line":26,"column":39}},"19":{"start":{"line":30,"column":20},"end":{"line":30,"column":53}},"20":{"start":{"line":32,"column":23},"end":{"line":49,"column":5}},"21":{"start":{"line":35,"column":24},"end":{"line":35,"column":32}},"22":{"start":{"line":36,"column":6},"end":{"line":38,"column":7}},"23":{"start":{"line":37,"column":8},"end":{"line":37,"column":84}},"24":{"start":{"line":39,"column":25},"end":{"line":39,"column":69}},"25":{"start":{"line":40,"column":6},"end":{"line":40,"column":33}},"26":{"start":{"line":41,"column":6},"end":{"line":48,"column":9}},"27":{"start":{"line":47,"column":30},"end":{"line":47,"column":34}},"28":{"start":{"line":53,"column":25},"end":{"line":59,"column":5}},"29":{"start":{"line":54,"column":26},"end":{"line":54,"column":45}},"30":{"start":{"line":55,"column":6},"end":{"line":55,"column":45}},"31":{"start":{"line":56,"column":6},"end":{"line":56,"column":43}},"32":{"start":{"line":57,"column":6},"end":{"line":57,"column":46}},"33":{"start":{"line":58,"column":6},"end":{"line":58,"column":70}},"34":{"start":{"line":61,"column":4},"end":{"line":86,"column":5}},"35":{"start":{"line":63,"column":19},"end":{"line":63,"column":41}},"36":{"start":{"line":64,"column":6},"end":{"line":64,"column":32}},"37":{"start":{"line":66,"column":6},"end":{"line":66,"column":90}},"38":{"start":{"line":69,"column":6},"end":{"line":85,"column":7}},"39":{"start":{"line":70,"column":8},"end":{"line":79,"column":9}},"40":{"start":{"line":71,"column":26},"end":{"line":71,"column":120}},"41":{"start":{"line":72,"column":10},"end":{"line":78,"column":11}},"42":{"start":{"line":73,"column":26},"end":{"line":73,"column":51}},"43":{"start":{"line":74,"column":12},"end":{"line":74,"column":39}},"44":{"start":{"line":76,"column":12},"end":{"line":76,"column":101}},"45":{"start":{"line":77,"column":12},"end":{"line":77,"column":130}},"46":{"start":{"line":81,"column":8},"end":{"line":81,"column":124}},"47":{"start":{"line":83,"column":8},"end":{"line":83,"column":54}},"48":{"start":{"line":84,"column":8},"end":{"line":84,"column":65}}},"fnMap":{"0":{"name":"buildUrl","decl":{"start":{"line":4,"column":9},"end":{"line":4,"column":17}},"loc":{"start":{"line":4,"column":56},"end":{"line":8,"column":1}}},"1":{"name":"proxyHandler","decl":{"start":{"line":10,"column":24},"end":{"line":10,"column":36}},"loc":{"start":{"line":10,"column":93},"end":{"line":88,"column":1}}},"2":{"name":"(anonymous_3)","decl":{"start":{"line":13,"column":9},"end":{"line":13,"column":14}},"loc":{"start":{"line":13,"column":47},"end":{"line":87,"column":3}}},"3":{"name":"(anonymous_4)","decl":{"start":{"line":32,"column":23},"end":{"line":32,"column":28}},"loc":{"start":{"line":32,"column":52},"end":{"line":49,"column":5}}},"4":{"name":"(anonymous_5)","decl":{"start":{"line":47,"column":24},"end":{"line":47,"column":27}},"loc":{"start":{"line":47,"column":30},"end":{"line":47,"column":34}}},"5":{"name":"(anonymous_6)","decl":{"start":{"line":53,"column":25},"end":{"line":53,"column":26}},"loc":{"start":{"line":53,"column":79},"end":{"line":59,"column":5}}}},"branchMap":{"0":{"loc":{"start":{"line":7,"column":9},"end":{"line":7,"column":42}},"type":"cond-expr","locations":[{"start":{"line":7,"column":18},"end":{"line":7,"column":36}},{"start":{"line":7,"column":39},"end":{"line":7,"column":42}}]},"1":{"loc":{"start":{"line":11,"column":15},"end":{"line":11,"column":48}},"type":"binary-expr","locations":[{"start":{"line":11,"column":15},"end":{"line":11,"column":34}},{"start":{"line":11,"column":38},"end":{"line":11,"column":48}}]},"2":{"loc":{"start":{"line":36,"column":6},"end":{"line":38,"column":7}},"type":"if","locations":[{"start":{"line":36,"column":6},"end":{"line":38,"column":7}},{"start":{},"end":{}}]},"3":{"loc":{"start":{"line":37,"column":22},"end":{"line":37,"column":83}},"type":"binary-expr","locations":[{"start":{"line":37,"column":22},"end":{"line":37,"column":76}},{"start":{"line":37,"column":80},"end":{"line":37,"column":83}}]},"4":{"loc":{"start":{"line":45,"column":14},"end":{"line":45,"column":39}},"type":"cond-expr","locations":[{"start":{"line":45,"column":24},"end":{"line":45,"column":27}},{"start":{"line":45,"column":30},"end":{"line":45,"column":39}}]},"5":{"loc":{"start":{"line":66,"column":50},"end":{"line":66,"column":88}},"type":"cond-expr","locations":[{"start":{"line":66,"column":71},"end":{"line":66,"column":82}},{"start":{"line":66,"column":85},"end":{"line":66,"column":88}}]},"6":{"loc":{"start":{"line":66,"column":50},"end":{"line":66,"column":68}},"type":"binary-expr","locations":[{"start":{"line":66,"column":50},"end":{"line":66,"column":53}},{"start":{"line":66,"column":57},"end":{"line":66,"column":68}}]},"7":{"loc":{"start":{"line":70,"column":8},"end":{"line":79,"column":9}},"type":"if","locations":[{"start":{"line":70,"column":8},"end":{"line":79,"column":9}},{"start":{},"end":{}}]},"8":{"loc":{"start":{"line":70,"column":12},"end":{"line":70,"column":108}},"type":"binary-expr","locations":[{"start":{"line":70,"column":13},"end":{"line":70,"column":39}},{"start":{"line":70,"column":43},"end":{"line":70,"column":69}},{"start":{"line":70,"column":74},"end":{"line":70,"column":77}},{"start":{"line":70,"column":81},"end":{"line":70,"column":108}}]},"9":{"loc":{"start":{"line":76,"column":57},"end":{"line":76,"column":99}},"type":"cond-expr","locations":[{"start":{"line":76,"column":80},"end":{"line":76,"column":92}},{"start":{"line":76,"column":95},"end":{"line":76,"column":99}}]},"10":{"loc":{"start":{"line":76,"column":57},"end":{"line":76,"column":77}},"type":"binary-expr","locations":[{"start":{"line":76,"column":57},"end":{"line":76,"column":61}},{"start":{"line":76,"column":65},"end":{"line":76,"column":77}}]}},"s":{"0":1,"1":1,"2":18,"3":18,"4":18,"5":15,"6":15,"7":15,"8":15,"9":15,"10":15,"11":15,"12":15,"13":15,"14":15,"15":15,"16":15,"17":15,"18":15,"19":15,"20":15,"21":18,"22":18,"23":2,"24":18,"25":18,"26":18,"27":9,"28":15,"29":10,"30":10,"31":10,"32":10,"33":10,"34":15,"35":15,"36":9,"37":6,"38":6,"39":6,"40":3,"41":3,"42":3,"43":1,"44":2,"45":2,"46":3,"47":1,"48":1},"f":{"0":18,"1":15,"2":15,"3":18,"4":9,"5":10},"b":{"0":[1,17],"1":[15,14],"2":[2,16],"3":[2,1],"4":[1,17],"5":[5,1],"6":[6,6],"7":[3,3],"8":[6,3,3,3],"9":[1,1],"10":[2,2]}}
,"C:\\Users\\benja\\Desktop\\Clases\\FullStack3\\bff_fullstack\\src\\repositories\\AuthRepository.ts": {"path":"C:\\Users\\benja\\Desktop\\Clases\\FullStack3\\bff_fullstack\\src\\repositories\\AuthRepository.ts","statementMap":{"0":{"start":{"line":1,"column":0},"end":{"line":1,"column":26}},"1":{"start":{"line":6,"column":4},"end":{"line":6,"column":27}},"2":{"start":{"line":10,"column":16},"end":{"line":10,"column":39}},"3":{"start":{"line":11,"column":17},"end":{"line":11,"column":47}},"4":{"start":{"line":12,"column":4},"end":{"line":12,"column":21}},"5":{"start":{"line":16,"column":16},"end":{"line":16,"column":42}},"6":{"start":{"line":17,"column":17},"end":{"line":17,"column":47}},"7":{"start":{"line":18,"column":4},"end":{"line":18,"column":21}},"8":{"start":{"line":3,"column":0},"end":{"line":3,"column":21}}},"fnMap":{"0":{"name":"(anonymous_1)","decl":{"start":{"line":5,"column":2},"end":{"line":5,"column":14}},"loc":{"start":{"line":5,"column":29},"end":{"line":7,"column":3}}},"1":{"name":"(anonymous_2)","decl":{"start":{"line":9,"column":2},"end":{"line":9,"column":7}},"loc":{"start":{"line":9,"column":26},"end":{"line":13,"column":3}}},"2":{"name":"(anonymous_3)","decl":{"start":{"line":15,"column":2},"end":{"line":15,"column":7}},"loc":{"start":{"line":15,"column":29},"end":{"line":19,"column":3}}}},"branchMap":{},"s":{"0":2,"1":2,"2":1,"3":1,"4":1,"5":1,"6":1,"7":1,"8":2},"f":{"0":2,"1":1,"2":1},"b":{}}
,"C:\\Users\\benja\\Desktop\\Clases\\FullStack3\\bff_fullstack\\src\\repositories\\ReportRepository.ts": {"path":"C:\\Users\\benja\\Desktop\\Clases\\FullStack3\\bff_fullstack\\src\\repositories\\ReportRepository.ts","statementMap":{"0":{"start":{"line":1,"column":0},"end":{"line":1,"column":26}},"1":{"start":{"line":7,"column":4},"end":{"line":7,"column":46}},"2":{"start":{"line":11,"column":16},"end":{"line":11,"column":42}},"3":{"start":{"line":12,"column":17},"end":{"line":12,"column":37}},"4":{"start":{"line":13,"column":4},"end":{"line":13,"column":21}},"5":{"start":{"line":17,"column":16},"end":{"line":17,"column":48}},"6":{"start":{"line":18,"column":17},"end":{"line":18,"column":37}},"7":{"start":{"line":19,"column":4},"end":{"line":19,"column":21}},"8":{"start":{"line":4,"column":0},"end":{"line":4,"column":21}}},"fnMap":{"0":{"name":"(anonymous_1)","decl":{"start":{"line":6,"column":2},"end":{"line":6,"column":14}},"loc":{"start":{"line":6,"column":29},"end":{"line":8,"column":3}}},"1":{"name":"(anonymous_2)","decl":{"start":{"line":10,"column":2},"end":{"line":10,"column":7}},"loc":{"start":{"line":10,"column":15},"end":{"line":14,"column":3}}},"2":{"name":"(anonymous_3)","decl":{"start":{"line":16,"column":2},"end":{"line":16,"column":7}},"loc":{"start":{"line":16,"column":27},"end":{"line":20,"column":3}}}},"branchMap":{},"s":{"0":2,"1":3,"2":1,"3":1,"4":1,"5":1,"6":1,"7":1,"8":2},"f":{"0":3,"1":1,"2":1},"b":{}}
,"C:\\Users\\benja\\Desktop\\Clases\\FullStack3\\bff_fullstack\\src\\repositories\\UserRepository.ts": {"path":"C:\\Users\\benja\\Desktop\\Clases\\FullStack3\\bff_fullstack\\src\\repositories\\UserRepository.ts","statementMap":{"0":{"start":{"line":1,"column":0},"end":{"line":1,"column":26}},"1":{"start":{"line":7,"column":4},"end":{"line":7,"column":46}},"2":{"start":{"line":11,"column":16},"end":{"line":11,"column":58}},"3":{"start":{"line":12,"column":17},"end":{"line":12,"column":37}},"4":{"start":{"line":13,"column":4},"end":{"line":13,"column":21}},"5":{"start":{"line":17,"column":16},"end":{"line":17,"column":64}},"6":{"start":{"line":18,"column":17},"end":{"line":18,"column":37}},"7":{"start":{"line":19,"column":4},"end":{"line":19,"column":21}},"8":{"start":{"line":4,"column":0},"end":{"line":4,"column":21}}},"fnMap":{"0":{"name":"(anonymous_1)","decl":{"start":{"line":6,"column":2},"end":{"line":6,"column":14}},"loc":{"start":{"line":6,"column":29},"end":{"line":8,"column":3}}},"1":{"name":"(anonymous_2)","decl":{"start":{"line":10,"column":2},"end":{"line":10,"column":7}},"loc":{"start":{"line":10,"column":15},"end":{"line":14,"column":3}}},"2":{"name":"(anonymous_3)","decl":{"start":{"line":16,"column":2},"end":{"line":16,"column":7}},"loc":{"start":{"line":16,"column":27},"end":{"line":20,"column":3}}}},"branchMap":{},"s":{"0":2,"1":2,"2":1,"3":1,"4":1,"5":1,"6":1,"7":1,"8":2},"f":{"0":2,"1":1,"2":1},"b":{}}
,"C:\\Users\\benja\\Desktop\\Clases\\FullStack3\\bff_fullstack\\src\\routes\\routes.ts": {"path":"C:\\Users\\benja\\Desktop\\Clases\\FullStack3\\bff_fullstack\\src\\routes\\routes.ts","statementMap":{"0":{"start":{"line":1,"column":0},"end":{"line":1,"column":33}},"1":{"start":{"line":2,"column":0},"end":{"line":2,"column":47}},"2":{"start":{"line":4,"column":15},"end":{"line":4,"column":23}},"3":{"start":{"line":7,"column":0},"end":{"line":7,"column":73}},"4":{"start":{"line":8,"column":0},"end":{"line":8,"column":71}},"5":{"start":{"line":11,"column":0},"end":{"line":11,"column":75}},"6":{"start":{"line":12,"column":0},"end":{"line":12,"column":73}},"7":{"start":{"line":15,"column":0},"end":{"line":15,"column":94}},"8":{"start":{"line":16,"column":0},"end":{"line":16,"column":92}},"9":{"start":{"line":19,"column":0},"end":{"line":19,"column":106}},"10":{"start":{"line":20,"column":0},"end":{"line":20,"column":104}},"11":{"start":{"line":23,"column":0},"end":{"line":23,"column":81}},"12":{"start":{"line":24,"column":0},"end":{"line":24,"column":79}},"13":{"start":{"line":27,"column":0},"end":{"line":27,"column":79}},"14":{"start":{"line":28,"column":0},"end":{"line":28,"column":77}},"15":{"start":{"line":29,"column":0},"end":{"line":29,"column":79}},"16":{"start":{"line":30,"column":0},"end":{"line":30,"column":77}},"17":{"start":{"line":33,"column":0},"end":{"line":33,"column":94}},"18":{"start":{"line":34,"column":0},"end":{"line":34,"column":92}},"19":{"start":{"line":36,"column":0},"end":{"line":36,"column":22}}},"fnMap":{},"branchMap":{},"s":{"0":1,"1":1,"2":1,"3":1,"4":1,"5":1,"6":1,"7":1,"8":1,"9":1,"10":1,"11":1,"12":1,"13":1,"14":1,"15":1,"16":1,"17":1,"18":1,"19":1},"f":{},"b":{}}
}
