TN:
SF:src\index.ts
FN:12,(anonymous_1)
FNF:1
FNH:1
FNDA:1,(anonymous_1)
DA:1,1
DA:2,1
DA:3,1
DA:5,1
DA:7,1
DA:9,1
DA:11,1
DA:12,1
DA:13,1
LF:9
LH:9
BRDA:11,0,0,1
BRDA:11,0,1,1
BRF:2
BRH:2
end_of_record
TN:
SF:src\controllers\AuthController.ts
FN:7,(anonymous_1)
FN:16,(anonymous_2)
FNF:2
FNH:2
FNDA:2,(anonymous_1)
FNDA:2,(anonymous_2)
DA:2,1
DA:4,1
DA:6,1
DA:8,2
DA:9,2
DA:10,1
DA:12,1
DA:17,2
DA:18,2
DA:19,1
DA:21,1
LF:11
LH:11
BRF:0
BRH:0
end_of_record
TN:
SF:src\controllers\ReportController.ts
FN:7,(anonymous_1)
FN:16,(anonymous_2)
FNF:2
FNH:2
FNDA:2,(anonymous_1)
FNDA:2,(anonymous_2)
DA:2,1
DA:4,1
DA:6,1
DA:8,2
DA:9,2
DA:10,1
DA:12,1
DA:17,2
DA:18,2
DA:19,1
DA:21,1
LF:11
LH:11
BRF:0
BRH:0
end_of_record
TN:
SF:src\controllers\UserController.ts
FN:7,(anonymous_1)
FNF:1
FNH:1
FNDA:2,(anonymous_1)
DA:2,1
DA:4,1
DA:6,1
DA:8,2
DA:9,2
DA:10,1
DA:12,1
LF:7
LH:7
BRF:0
BRH:0
end_of_record
TN:
SF:src\factories\RepositoryFactory.ts
FN:7,(anonymous_1)
FNF:1
FNH:1
FNDA:5,(anonymous_1)
DA:1,1
DA:2,1
DA:6,1
DA:8,5
DA:10,1
DA:15,1
DA:16,1
DA:21,2
DA:24,1
LF:9
LH:9
BRDA:8,0,0,1
BRDA:8,0,1,1
BRDA:8,0,2,1
BRDA:8,0,3,2
BRDA:8,0,4,1
BRDA:10,1,0,1
BRDA:10,1,1,1
BRDA:16,2,0,1
BRDA:16,2,1,1
BRDA:21,3,0,2
BRDA:21,3,1,2
BRDA:21,3,2,2
BRF:12
BRH:12
end_of_record
TN:
SF:src\middleware\proxy.ts
FN:4,buildUrl
FN:10,proxyHandler
FN:13,(anonymous_3)
FN:32,(anonymous_4)
FN:47,(anonymous_5)
FN:53,(anonymous_6)
FNF:6
FNH:6
FNDA:18,buildUrl
FNDA:15,proxyHandler
FNDA:15,(anonymous_3)
FNDA:18,(anonymous_4)
FNDA:9,(anonymous_5)
FNDA:10,(anonymous_6)
DA:2,1
DA:5,18
DA:6,18
DA:7,18
DA:10,1
DA:11,15
DA:13,15
DA:14,15
DA:15,15
DA:16,15
DA:18,15
DA:19,15
DA:20,15
DA:21,15
DA:22,15
DA:23,15
DA:24,15
DA:25,15
DA:26,15
DA:30,15
DA:32,15
DA:35,18
DA:36,18
DA:37,2
DA:39,18
DA:40,18
DA:41,18
DA:47,9
DA:53,15
DA:54,10
DA:55,10
DA:56,10
DA:57,10
DA:58,10
DA:61,15
DA:63,15
DA:64,9
DA:66,6
DA:69,6
DA:70,6
DA:71,3
DA:72,3
DA:73,3
DA:74,1
DA:76,2
DA:77,2
DA:81,3
DA:83,1
DA:84,1
LF:49
LH:49
BRDA:7,0,0,1
BRDA:7,0,1,17
BRDA:11,1,0,15
BRDA:11,1,1,14
BRDA:36,2,0,2
BRDA:36,2,1,16
BRDA:37,3,0,2
BRDA:37,3,1,1
BRDA:45,4,0,1
BRDA:45,4,1,17
BRDA:66,5,0,5
BRDA:66,5,1,1
BRDA:66,6,0,6
BRDA:66,6,1,6
BRDA:70,7,0,3
BRDA:70,7,1,3
BRDA:70,8,0,6
BRDA:70,8,1,3
BRDA:70,8,2,3
BRDA:70,8,3,3
BRDA:76,9,0,1
BRDA:76,9,1,1
BRDA:76,10,0,2
BRDA:76,10,1,2
BRF:24
BRH:24
end_of_record
TN:
SF:src\repositories\AuthRepository.ts
FN:5,(anonymous_1)
FN:9,(anonymous_2)
FN:15,(anonymous_3)
FNF:3
FNH:3
FNDA:2,(anonymous_1)
FNDA:1,(anonymous_2)
FNDA:1,(anonymous_3)
DA:1,2
DA:3,2
DA:6,2
DA:10,1
DA:11,1
DA:12,1
DA:16,1
DA:17,1
DA:18,1
LF:9
LH:9
BRF:0
BRH:0
end_of_record
TN:
SF:src\repositories\ReportRepository.ts
FN:6,(anonymous_1)
FN:10,(anonymous_2)
FN:16,(anonymous_3)
FNF:3
FNH:3
FNDA:3,(anonymous_1)
FNDA:1,(anonymous_2)
FNDA:1,(anonymous_3)
DA:1,2
DA:4,2
DA:7,3
DA:11,1
DA:12,1
DA:13,1
DA:17,1
DA:18,1
DA:19,1
LF:9
LH:9
BRF:0
BRH:0
end_of_record
TN:
SF:src\repositories\UserRepository.ts
FN:6,(anonymous_1)
FN:10,(anonymous_2)
FN:16,(anonymous_3)
FNF:3
FNH:3
FNDA:2,(anonymous_1)
FNDA:1,(anonymous_2)
FNDA:1,(anonymous_3)
DA:1,2
DA:4,2
DA:7,2
DA:11,1
DA:12,1
DA:13,1
DA:17,1
DA:18,1
DA:19,1
LF:9
LH:9
BRF:0
BRH:0
end_of_record
TN:
SF:src\routes\routes.ts
FNF:0
FNH:0
DA:1,1
DA:2,1
DA:4,1
DA:7,1
DA:8,1
DA:11,1
DA:12,1
DA:15,1
DA:16,1
DA:19,1
DA:20,1
DA:23,1
DA:24,1
DA:27,1
DA:28,1
DA:29,1
DA:30,1
DA:33,1
DA:34,1
DA:36,1
LF:20
LH:20
BRF:0
BRH:0
end_of_record
